<?xml version="1.0" encoding="UTF-8"?>
<!-- Generated by org.testng.reporters.JUnitReportReporter -->
<testsuite skipped="0" hostname="DESKTOP-OC9IBM4" name="com.DataDrivenProject.OpenSourceOHRMS.ExecutableClassTest" tests="1" failures="0" timestamp="08 Nov 2019 11:43:36 GMT" time="51.145" errors="0">
  <testcase name="readData" time="51.145" classname="com.DataDrivenProject.OpenSourceOHRMS.ExecutableClassTest"/>
</testsuite> <!-- com.DataDrivenProject.OpenSourceOHRMS.ExecutableClassTest -->
